PLINK v2.0.0-a.7.1 64-bit (4 May 2026)
Options in effect:
  --bfile PPMI_NEUROX_Nov11th2013\NEUROX
  --export A
  --extract PPMI_NEUROX_Nov11th2013\snps_of_interest.txt
  --out PPMI_NEUROX_Nov11th2013\NEUROX_filtered

Hostname: BR000002138381
Working directory: C:\Users\BR0087445733\OneDrive - Enel Spa\Įrea de Trabalho\codigos_python\projeto_SPECTRA-PD
Start time: Thu Jun 18 11:14:35 2026

Random number seed: 1781792075
7892 MiB RAM detected; reserving 3946 MiB for main workspace.
Using up to 8 compute threads.
619 samples (210 females, 409 males; 619 founders) loaded from
PPMI_NEUROX_Nov11th2013\NEUROX.fam.
267607 variants loaded from PPMI_NEUROX_Nov11th2013\NEUROX.bim.
Note: No phenotype data present.
--extract: 5 variants remaining.
5 variants remaining after main filters.
--export A: PPMI_NEUROX_Nov11th2013\NEUROX_filtered.raw written.

End time: Thu Jun 18 11:14:35 2026
